<?xml version="1.0" encoding="UTF-8"?>
<!-- Generated by org.testng.reporters.JUnitReportReporter -->
<testsuite hostname="MSI" failures="0" tests="2" name="testDemo1.Application1" time="5.117" errors="0" timestamp="2025-08-12T12:02:31 IST" skipped="0">
  <testcase classname="testDemo1.Application1" name="launchGoogle" time="1.831"/>
  <testcase classname="testDemo1.Application1" name="registerNewUser" time="3.286"/>
</testsuite> <!-- testDemo1.Application1 -->
